<?xml version="1.0" encoding="UTF-8"?>
<!-- Generated by org.testng.reporters.JUnitXMLReporter -->
<testsuite ignored="0" hostname="Manasis-MacBook-Pro.local" failures="0" tests="5" name="Command line test" time="12.562" errors="0" timestamp="2020-11-01T21:51:55 PST">
  <testcase classname="com.ww.testcases.WeightWatchersTest" name="verifyHomePageTitle" time="0.302"/>
  <testcase classname="com.ww.testcases.WeightWatchersTest" name="verifyWorkshopTitle" time="2.416"/>
  <testcase classname="com.ww.testcases.WeightWatchersTest" name="verifyFirstSearchResult" time="3.224"/>
  <testcase classname="com.ww.testcases.WeightWatchersTest" name="printHoursOfOperation" time="0.851"/>
  <testcase classname="com.ww.testcases.WeightWatchersTest" name="printMeetings" time="0.071"/>
</testsuite> <!-- Command line test -->
