<?xml version="1.0" encoding="UTF-8"?>
<testng-results ignored="0" total="5" passed="5" failed="0" skipped="0">
  <reporter-output>
  </reporter-output>
  <suite started-at="2020-11-01T21:51:38 PST" name="com.ww.testcases.WeightWatchersTest" finished-at="2020-11-01T21:51:50 PST" duration-ms="12562">
    <groups>
    </groups>
    <test started-at="2020-11-01T21:51:38 PST" name="Command line test" finished-at="2020-11-01T21:51:50 PST" duration-ms="12562">
      <class name="com.ww.testcases.WeightWatchersTest">
        <test-method is-config="true" signature="setUp()[pri:0, instance:com.ww.testcases.WeightWatchersTest@bef2d72]" started-at="2020-11-01T21:51:38 PST" name="setUp" finished-at="2020-11-01T21:51:43 PST" duration-ms="5430" status="PASS">
          <reporter-output>
          </reporter-output>
        </test-method> <!-- setUp -->
        <test-method signature="verifyHomePageTitle()[pri:1, instance:com.ww.testcases.WeightWatchersTest@bef2d72]" started-at="2020-11-01T21:51:43 PST" name="verifyHomePageTitle" finished-at="2020-11-01T21:51:44 PST" duration-ms="302" status="PASS">
          <reporter-output>
          </reporter-output>
        </test-method> <!-- verifyHomePageTitle -->
        <test-method signature="verifyWorkshopTitle()[pri:2, instance:com.ww.testcases.WeightWatchersTest@bef2d72]" started-at="2020-11-01T21:51:44 PST" name="verifyWorkshopTitle" finished-at="2020-11-01T21:51:46 PST" duration-ms="2416" status="PASS">
          <reporter-output>
          </reporter-output>
        </test-method> <!-- verifyWorkshopTitle -->
        <test-method signature="verifyFirstSearchResult()[pri:3, instance:com.ww.testcases.WeightWatchersTest@bef2d72]" started-at="2020-11-01T21:51:46 PST" name="verifyFirstSearchResult" finished-at="2020-11-01T21:51:49 PST" duration-ms="3224" status="PASS">
          <reporter-output>
          </reporter-output>
        </test-method> <!-- verifyFirstSearchResult -->
        <test-method signature="printHoursOfOperation()[pri:4, instance:com.ww.testcases.WeightWatchersTest@bef2d72]" started-at="2020-11-01T21:51:49 PST" name="printHoursOfOperation" finished-at="2020-11-01T21:51:50 PST" duration-ms="851" status="PASS">
          <reporter-output>
          </reporter-output>
        </test-method> <!-- printHoursOfOperation -->
        <test-method signature="printMeetings()[pri:5, instance:com.ww.testcases.WeightWatchersTest@bef2d72]" started-at="2020-11-01T21:51:50 PST" name="printMeetings" finished-at="2020-11-01T21:51:50 PST" duration-ms="71" status="PASS">
          <reporter-output>
          </reporter-output>
        </test-method> <!-- printMeetings -->
        <test-method is-config="true" signature="tearDown()[pri:0, instance:com.ww.testcases.WeightWatchersTest@bef2d72]" started-at="2020-11-01T21:51:50 PST" name="tearDown" finished-at="2020-11-01T21:51:50 PST" duration-ms="229" status="PASS">
          <reporter-output>
          </reporter-output>
        </test-method> <!-- tearDown -->
      </class> <!-- com.ww.testcases.WeightWatchersTest -->
    </test> <!-- Command line test -->
  </suite> <!-- com.ww.testcases.WeightWatchersTest -->
</testng-results>
